  -73     26   26   27  100  100     26   27  100  100  100   hpo_Health-ClosedPRs0006
  -48     30   30   30   30   79     30   45   78   79   80   hpo_Health-Commits0005
  -31     30   50   69  100  100     59   76  100  100  100   systems_redis
  -29     65   66   71   78  100     72   77  100  100  100   hpo_Health-Commits0010
  -21     58   78   79  100  100     66  100  100  100  100   auto93
  -21     71   78   79  100  100     59   79  100  100  100   systems_x264
  -14     56   65   65  100  100     62   67   79  100  100   binary_config_FFM-500-100-0.50-SAT-1
   -5     66   74   77  100  100     54   76   82  100  100   binary_config_FM-500-100-0.50-SAT-1
   -4     62   71   74   88  100     29   61   78   82  100   binary_config_Scrum10k
   -3     19   61   69   69  100     51   62   72  100  100   config_SS-F
   -3     49   57   61   66   76     49   55   64   71   75   hpo_Health-ClosedIssues0010
   -3      0   27   38   46   47     27   33   41   46   47   sales_data_dress-up
   -2      4    8    9   11   30      5    9   11   21   65   hpo_Health-ClosedIssues0009
   -2     14   15   15   16   19     15   16   17   21   30   hpo_Health-Commits0004
   -1     74   74   74   75   75     73   74   75   75   77   hpo_Health-ClosedIssues0005
   -1     39   42   43   44   44     40   41   44   44   78   hpo_Health-ClosedIssues0007
   -1     58   59   59   60   61     55   58   60   60   61   hpo_Health-ClosedPRs0009
   -1     30   31   32   34   36     30   32   33   53   64   hpo_Health-ClosedPRs0010
   -1     63   64   66   67   80     64   65   67   71  100   hpo_Health-Commits0003
   +0     79  100  100  100  100     60   79  100  100  100   behavior_data_WA_Fn-UseC_-HR-Employee-Attrition
   +0    100  100  100  100  100     52   79  100  100  100   behavior_data_all_players
   +0      0  100  100  100  100      0  100  100  100  100   behavior_data_student_dropout
   +0     36   64   68   78  100     36   58   68   76  100   binary_config_FM-500-100-0.25-SAT-1
   +0    100  100  100  100  100    100  100  100  100  100   config_Apache_AllMeasurements
   +0    100  100  100  100  100    100  100  100  100  100   config_HSMGP_num
   +0    100  100  100  100  100    100  100  100  100  100   config_SS-A
   +0    100  100  100  100  100    100  100  100  100  100   config_SS-B
   +0    100  100  100  100  100    100  100  100  100  100   config_SS-C
   +0     51  100  100  100  100    100  100  100  100  100   config_SS-E
   +0     57   70   74   76  100     41   64   74  100  100   config_SS-G
   +0     79  100  100  100  100     79  100  100  100  100   config_SS-H
   +0     58   68  100  100  100     58   76  100  100  100   config_SS-I
   +0    100  100  100  100  100    100  100  100  100  100   config_SS-J
   +0     62  100  100  100  100     71  100  100  100  100   config_SS-K
   +0    100  100  100  100  100    100  100  100  100  100   config_SS-L
   +0    100  100  100  100  100    100  100  100  100  100   config_SS-M
   +0     54   72  100  100  100     59  100  100  100  100   config_SS-O
   +0    100  100  100  100  100     69  100  100  100  100   config_SS-P
   +0    100  100  100  100  100    100  100  100  100  100   config_SS-Q
   +0    100  100  100  100  100    100  100  100  100  100   config_SS-S
   +0    100  100  100  100  100    100  100  100  100  100   config_SS-T
   +0     64  100  100  100  100    100  100  100  100  100   config_SS-U
   +0     78  100  100  100  100    100  100  100  100  100   config_SS-V
   +0     63   67  100  100  100    100  100  100  100  100   config_SS-X
   +0    100  100  100  100  100    100  100  100  100  100   config_X264_AllMeasurements
   +0    100  100  100  100  100    100  100  100  100  100   config_rs-6d-c3_obj1
   +0    100  100  100  100  100    100  100  100  100  100   config_rs-6d-c3_obj2
   +0    100  100  100  100  100    100  100  100  100  100   config_sol-6d-c2-obj1
   +0     53  100  100  100  100    100  100  100  100  100   config_wc+rs-3d-c4-obj1
   +0    100  100  100  100  100    100  100  100  100  100   config_wc+sol-3d-c4-obj1
   +0     50  100  100  100  100    100  100  100  100  100   config_wc+wc-3d-c4-obj1
   +0    100  100  100  100  100    100  100  100  100  100   config_wc-6d-c1-obj1
   +0     28   41   61   69   76     23   41   61   73   86   financial_data_BankChurners
   +0    100  100  100  100  100    100  100  100  100  100   financial_data_WA_Fn-UseC_-Telco-Customer-Churn
   +0    100  100  100  100  100    100  100  100  100  100   health_data_Life_Expectancy_Data
   +0    100  100  100  100  100    100  100  100  100  100   health_data_Medical_Data_and_Hospital_Readmissions
   +0    100  100  100  100  100    100  100  100  100  100   hpo_Health-ClosedIssues0000
   +0    100  100  100  100  100    100  100  100  100  100   hpo_Health-ClosedIssues0002
   +0     32   67  100  100  100     21   72  100  100  100   hpo_Health-ClosedIssues0003
   +0      3   12   15   20   26      9   14   15   20   29   hpo_Health-ClosedIssues0004
   +0     52  100  100  100  100    100  100  100  100  100   hpo_Health-ClosedIssues0006
   +0     69   81   81   81   81     35   81   81   81   81   hpo_Health-ClosedIssues0008
   +0    100  100  100  100  100    100  100  100  100  100   hpo_Health-ClosedIssues0011
   +0    100  100  100  100  100    100  100  100  100  100   hpo_Health-ClosedPRs0000
   +0     86   86   86   86   86     86   86   86   86   86   hpo_Health-ClosedPRs0002
   +0    100  100  100  100  100    100  100  100  100  100   hpo_Health-ClosedPRs0003
   +0     49   49  100  100  100     49   49  100  100  100   hpo_Health-ClosedPRs0004
   +0    100  100  100  100  100    100  100  100  100  100   hpo_Health-ClosedPRs0005
   +0    100  100  100  100  100    100  100  100  100  100   hpo_Health-ClosedPRs0007
   +0      1    1    1    2   16      0    1    1    2   28   hpo_Health-ClosedPRs0008
   +0    100  100  100  100  100    100  100  100  100  100   hpo_Health-ClosedPRs0011
   +0    100  100  100  100  100    100  100  100  100  100   hpo_Health-Commits0000
   +0    100  100  100  100  100    100  100  100  100  100   hpo_Health-Commits0001
   +0     28   28   28   28   28     28   28   28   28   28   hpo_Health-Commits0002
   +0     62   63   63   63   72     62   62   63   72   73   hpo_Health-Commits0006
   +0     35   35   36   89   90     35   35   36   86  100   hpo_Health-Commits0007
   +0    100  100  100  100  100    100  100  100  100  100   hpo_Health-Commits0009
   +0    100  100  100  100  100    100  100  100  100  100   hpo_Health-Commits0011
   +0     67   78  100  100  100     74  100  100  100  100   misc_auto93
   +0    100  100  100  100  100    100  100  100  100  100   misc_multiLabel
   +0    100  100  100  100  100     41  100  100  100  100   process_xomo_flight
   +0    100  100  100  100  100     43  100  100  100  100   process_xomo_ground
   +0    100  100  100  100  100     28   71  100  100  100   process_xomo_osp
   +0     40   44   46   61   86     14   43   46   52   86   rl_A2C_Acrobot
   +0      4    9   10   10   10      1    4   10   10   10   sales_data_accessories
   +0    100  100  100  100  100    100  100  100  100  100   sales_data_socks
   +0    100  100  100  100  100    100  100  100  100  100   systems_7z
   +0    100  100  100  100  100    100  100  100  100  100   systems_BDBC
   +0    100  100  100  100  100    100  100  100  100  100   systems_HSQLDB
   +0    100  100  100  100  100    100  100  100  100  100   systems_LLVM
   +0    100  100  100  100  100    100  100  100  100  100   systems_PostgreSQL
   +0    100  100  100  100  100    100  100  100  100  100   systems_dconvert
   +0    100  100  100  100  100    100  100  100  100  100   systems_deeparch
   +0    100  100  100  100  100    100  100  100  100  100   systems_exastencils
   +0    100  100  100  100  100    100  100  100  100  100   systems_javagc
   +0    100  100  100  100  100    100  100  100  100  100   systems_storm
   +0     74  100  100  100  100      0   74  100  100  100   test_dataset120
   +0    100  100  100  100  100     71  100  100  100  100   test_dataset600
   +1     35   67   68   71  100     55   66   67   72  100   config_SS-D
   +2     46   48   51   53   57     47   48   49   53   73   hpo_Health-ClosedIssues0001
   +3     64   77   79   79   83     62   74   76   79  100   config_SS-R
   +3     53   63   68   78  100     17   43   65   74   76   config_SS-W
   +3     35   54   60   65  100     31   44   57   67  100   sales_data_Marketing_Analytics
   +5     50   51   55   59   74      4   49   50   54   62   hpo_Health-Commits0008
   +6     61   70   76   82  100     36   63   70  100  100   config_SS-N
   +7     51   79   83  100  100     54   72   76   83  100   binary_config_FFM-250-50-0.50-SAT-1
   +7     23   55   65   67   71      1   28   58   65   71   misc_Wine_quality
   +8     68   84   87  100  100     42   74   79   87  100   binary_config_Scrum1k
   +9     65   70   76   87  100     33   49   67   69   82   binary_config_Scrum100k
   +9      9   27   32   47   55      0    8   23   31   64   financial_data_home_data_for_ml_course
   +9     42   65   69   80  100     24   50   60   81  100   process_pom3c
  +10     35   35   45   53   57     11   26   35   40   53   misc_Car_price_cleaned
  +10     20   33   47   51  100     12   19   37   50   80   rl_A2C_CartPole
  +11     51   60   78  100  100     62   65   67   79  100   binary_config_FFM-125-25-0.50-SAT-1
  +15     51   60   74   80  100     31   43   59   79   80   binary_config_FFM-1000-200-0.50-SAT-1
  +15     52   68   86  100  100     18   35   71   77  100   process_pom3a
  +16     73   75   86  100  100     47   61   70   73   75   binary_config_FM-500-100-0.75-SAT-1
  +16     41   63   76   85  100     40   57   60   71  100   binary_config_billing10k
  +16     59   68   81   87  100     40   50   65   74   80   financial_data_Loan
  +17     73   86  100  100  100     58   71   83  100  100   health_data_Data_COVID19_Indonesia
  +17     31   43   59   64  100     25   30   42   58   75   process_coc1000
  +25     63   83  100  100  100     61   65   75   84  100   binary_config_FM-500-100-1.00-SAT-1
  +26     63   76  100  100  100     12   29   74   80  100   process_pom3b
  +27     51   64  100  100  100      7   43   73  100  100   config_SQL_AllMeasurements
  +27     16   30   51   51  100     -3   19   24   33  100   process_nasa93dem
  +32    100  100  100  100  100    -21   59   68  100  100   behavior_data_player_statistics_cleaned_final
  +40     80   85  100  100  100     33   53   60   73  100   process_xomo_osp2
  +44     56   75  100  100  100     14   41   56   74  100   process_pom3d
  +55     34   63  100  100  100      2   33   45   63  100   sales_data_wallpaper
